<?xml version="1.0" encoding="UTF-8"?>
<testng-results ignored="0" total="7" passed="7" failed="0" skipped="0">
  <reporter-output>
  </reporter-output>
  <suite started-at="2022-01-20T11:32:31 IST" name="Default suite" finished-at="2022-01-20T11:33:05 IST" duration-ms="33598">
    <groups>
    </groups>
    <test started-at="2022-01-20T11:32:31 IST" name="Default test" finished-at="2022-01-20T11:33:05 IST" duration-ms="33598">
      <class name="com.zim.zim.TestZimApp">
        <test-method is-config="true" signature="startReport()[pri:0, instance:com.zim.zim.TestZimApp@4b14c583]" started-at="2022-01-20T11:32:31 IST" name="startReport" finished-at="2022-01-20T11:32:31 IST" duration-ms="187" status="PASS">
          <reporter-output>
          </reporter-output>
        </test-method> <!-- startReport -->
        <test-method is-config="true" signature="setUp()[pri:0, instance:com.zim.zim.TestZimApp@4b14c583]" started-at="2022-01-20T11:32:31 IST" name="setUp" finished-at="2022-01-20T11:32:40 IST" duration-ms="9098" status="PASS">
          <reporter-output>
          </reporter-output>
        </test-method> <!-- setUp -->
        <test-method signature="Test1()[pri:0, instance:com.zim.zim.TestZimApp@4b14c583]" started-at="2022-01-20T11:32:40 IST" name="Test1" finished-at="2022-01-20T11:32:43 IST" duration-ms="3151" status="PASS">
          <reporter-output>
          </reporter-output>
        </test-method> <!-- Test1 -->
        <test-method is-config="true" signature="getResult(org.testng.ITestResult)[pri:0, instance:com.zim.zim.TestZimApp@4b14c583]" started-at="2022-01-20T11:32:43 IST" name="getResult" finished-at="2022-01-20T11:32:43 IST" duration-ms="3" status="PASS">
          <params>
            <param index="0">
              <value>
                <![CDATA[[TestResult name=Test1 status=SUCCESS method=TestZimApp.Test1()[pri:0, instance:com.zim.zim.TestZimApp@4b14c583] output={null}]]]>
              </value>
            </param>
          </params>
          <reporter-output>
          </reporter-output>
        </test-method> <!-- getResult -->
        <test-method signature="Test2()[pri:0, instance:com.zim.zim.TestZimApp@4b14c583]" started-at="2022-01-20T11:32:43 IST" name="Test2" finished-at="2022-01-20T11:32:55 IST" depends-on-methods="com.zim.zim.TestZimApp.Test1" duration-ms="11606" status="PASS">
          <reporter-output>
          </reporter-output>
        </test-method> <!-- Test2 -->
        <test-method is-config="true" signature="getResult(org.testng.ITestResult)[pri:0, instance:com.zim.zim.TestZimApp@4b14c583]" started-at="2022-01-20T11:32:55 IST" name="getResult" finished-at="2022-01-20T11:32:55 IST" duration-ms="0" status="PASS">
          <params>
            <param index="0">
              <value>
                <![CDATA[[TestResult name=Test2 status=SUCCESS method=TestZimApp.Test2()[pri:0, instance:com.zim.zim.TestZimApp@4b14c583] output={null}]]]>
              </value>
            </param>
          </params>
          <reporter-output>
          </reporter-output>
        </test-method> <!-- getResult -->
        <test-method signature="Test3()[pri:0, instance:com.zim.zim.TestZimApp@4b14c583]" started-at="2022-01-20T11:32:55 IST" name="Test3" finished-at="2022-01-20T11:32:57 IST" depends-on-methods="com.zim.zim.TestZimApp.Test2" duration-ms="1865" status="PASS">
          <reporter-output>
          </reporter-output>
        </test-method> <!-- Test3 -->
        <test-method is-config="true" signature="getResult(org.testng.ITestResult)[pri:0, instance:com.zim.zim.TestZimApp@4b14c583]" started-at="2022-01-20T11:32:57 IST" name="getResult" finished-at="2022-01-20T11:32:57 IST" duration-ms="1" status="PASS">
          <params>
            <param index="0">
              <value>
                <![CDATA[[TestResult name=Test3 status=SUCCESS method=TestZimApp.Test3()[pri:0, instance:com.zim.zim.TestZimApp@4b14c583] output={null}]]]>
              </value>
            </param>
          </params>
          <reporter-output>
          </reporter-output>
        </test-method> <!-- getResult -->
        <test-method signature="Test4()[pri:0, instance:com.zim.zim.TestZimApp@4b14c583]" started-at="2022-01-20T11:32:57 IST" name="Test4" finished-at="2022-01-20T11:32:58 IST" depends-on-methods="com.zim.zim.TestZimApp.Test3" duration-ms="1353" status="PASS">
          <reporter-output>
          </reporter-output>
        </test-method> <!-- Test4 -->
        <test-method is-config="true" signature="getResult(org.testng.ITestResult)[pri:0, instance:com.zim.zim.TestZimApp@4b14c583]" started-at="2022-01-20T11:32:58 IST" name="getResult" finished-at="2022-01-20T11:32:58 IST" duration-ms="0" status="PASS">
          <params>
            <param index="0">
              <value>
                <![CDATA[[TestResult name=Test4 status=SUCCESS method=TestZimApp.Test4()[pri:0, instance:com.zim.zim.TestZimApp@4b14c583] output={null}]]]>
              </value>
            </param>
          </params>
          <reporter-output>
          </reporter-output>
        </test-method> <!-- getResult -->
        <test-method signature="Test5()[pri:0, instance:com.zim.zim.TestZimApp@4b14c583]" started-at="2022-01-20T11:32:58 IST" name="Test5" finished-at="2022-01-20T11:33:03 IST" depends-on-methods="com.zim.zim.TestZimApp.Test4" duration-ms="4481" status="PASS">
          <reporter-output>
          </reporter-output>
        </test-method> <!-- Test5 -->
        <test-method is-config="true" signature="getResult(org.testng.ITestResult)[pri:0, instance:com.zim.zim.TestZimApp@4b14c583]" started-at="2022-01-20T11:33:03 IST" name="getResult" finished-at="2022-01-20T11:33:03 IST" duration-ms="0" status="PASS">
          <params>
            <param index="0">
              <value>
                <![CDATA[[TestResult name=Test5 status=SUCCESS method=TestZimApp.Test5()[pri:0, instance:com.zim.zim.TestZimApp@4b14c583] output={null}]]]>
              </value>
            </param>
          </params>
          <reporter-output>
          </reporter-output>
        </test-method> <!-- getResult -->
        <test-method signature="Test6()[pri:0, instance:com.zim.zim.TestZimApp@4b14c583]" started-at="2022-01-20T11:33:03 IST" name="Test6" finished-at="2022-01-20T11:33:04 IST" depends-on-methods="com.zim.zim.TestZimApp.Test5" duration-ms="965" status="PASS">
          <reporter-output>
          </reporter-output>
        </test-method> <!-- Test6 -->
        <test-method is-config="true" signature="getResult(org.testng.ITestResult)[pri:0, instance:com.zim.zim.TestZimApp@4b14c583]" started-at="2022-01-20T11:33:04 IST" name="getResult" finished-at="2022-01-20T11:33:04 IST" duration-ms="0" status="PASS">
          <params>
            <param index="0">
              <value>
                <![CDATA[[TestResult name=Test6 status=SUCCESS method=TestZimApp.Test6()[pri:0, instance:com.zim.zim.TestZimApp@4b14c583] output={null}]]]>
              </value>
            </param>
          </params>
          <reporter-output>
          </reporter-output>
        </test-method> <!-- getResult -->
        <test-method signature="Test7()[pri:0, instance:com.zim.zim.TestZimApp@4b14c583]" started-at="2022-01-20T11:33:04 IST" name="Test7" finished-at="2022-01-20T11:33:04 IST" depends-on-methods="com.zim.zim.TestZimApp.Test6" duration-ms="241" status="PASS">
          <reporter-output>
          </reporter-output>
        </test-method> <!-- Test7 -->
        <test-method is-config="true" signature="getResult(org.testng.ITestResult)[pri:0, instance:com.zim.zim.TestZimApp@4b14c583]" started-at="2022-01-20T11:33:04 IST" name="getResult" finished-at="2022-01-20T11:33:04 IST" duration-ms="1" status="PASS">
          <params>
            <param index="0">
              <value>
                <![CDATA[[TestResult name=Test7 status=SUCCESS method=TestZimApp.Test7()[pri:0, instance:com.zim.zim.TestZimApp@4b14c583] output={null}]]]>
              </value>
            </param>
          </params>
          <reporter-output>
          </reporter-output>
        </test-method> <!-- getResult -->
        <test-method is-config="true" signature="endReport()[pri:0, instance:com.zim.zim.TestZimApp@4b14c583]" started-at="2022-01-20T11:33:04 IST" name="endReport" finished-at="2022-01-20T11:33:05 IST" duration-ms="790" status="PASS">
          <reporter-output>
          </reporter-output>
        </test-method> <!-- endReport -->
      </class> <!-- com.zim.zim.TestZimApp -->
    </test> <!-- Default test -->
  </suite> <!-- Default suite -->
</testng-results>
