<?xml version="1.0" encoding="UTF-8"?>
<!-- Generated by org.testng.reporters.JUnitXMLReporter -->
<testsuite ignored="0" hostname="DESKTOP-RBMAVSC" failures="0" tests="7" name="Default test" time="33.598" errors="0" timestamp="2022-01-20T11:33:05 IST">
  <testcase classname="com.zim.zim.TestZimApp" name="Test1" time="3.151"/>
  <testcase classname="com.zim.zim.TestZimApp" name="Test2" time="11.606"/>
  <testcase classname="com.zim.zim.TestZimApp" name="Test3" time="1.865"/>
  <testcase classname="com.zim.zim.TestZimApp" name="Test4" time="1.353"/>
  <testcase classname="com.zim.zim.TestZimApp" name="Test5" time="4.481"/>
  <testcase classname="com.zim.zim.TestZimApp" name="Test6" time="0.965"/>
  <testcase classname="com.zim.zim.TestZimApp" name="Test7" time="0.241"/>
</testsuite> <!-- Default test -->
